<?xml version="1.0" encoding="UTF-8"?>
<!-- Generated by org.testng.reporters.JUnitXMLReporter -->
<testsuite hostname="ZIL267" ignored="0" name="CrossBrowsing" tests="1" failures="1" timestamp="04 Apr 2021 11:48:35 GMT" time="0.036" errors="0">
  <testcase name="openBrowser" time="0.011" classname="BrowseTesting.CrossBrowsing">
    <failure type="java.lang.NullPointerException">
      <![CDATA[java.lang.NullPointerException
at BrowseTesting.CrossBrowsing.openBrowser(CrossBrowsing.java:36)
... Removed 25 stack frames]]>
    </failure>
  </testcase> <!-- openBrowser -->
</testsuite> <!-- CrossBrowsing -->
